{"/home/runner/workspace/shared/validation.ts": {"path":"/home/runner/workspace/shared/validation.ts","statementMap":{"0":{"start":{"line":13,"column":2},"end":{"line":13,"column":null}},"1":{"start":{"line":13,"column":14},"end":{"line":13,"column":null}},"2":{"start":{"line":14,"column":21},"end":{"line":14,"column":null}},"3":{"start":{"line":15,"column":2},"end":{"line":15,"column":null}},"4":{"start":{"line":19,"column":27},"end":{"line":19,"column":null}},"5":{"start":{"line":21,"column":2},"end":{"line":25,"column":null}},"6":{"start":{"line":22,"column":4},"end":{"line":22,"column":null}},"7":{"start":{"line":23,"column":2},"end":{"line":25,"column":null}},"8":{"start":{"line":24,"column":4},"end":{"line":24,"column":null}},"9":{"start":{"line":27,"column":2},"end":{"line":30,"column":null}}},"fnMap":{"0":{"name":"validateEmail","decl":{"start":{"line":12,"column":16},"end":{"line":12,"column":30}},"loc":{"start":{"line":12,"column":54},"end":{"line":16,"column":null}},"line":12},"1":{"name":"validateWaitlistEntry","decl":{"start":{"line":18,"column":16},"end":{"line":18,"column":38}},"loc":{"start":{"line":18,"column":78},"end":{"line":31,"column":null}},"line":18}},"branchMap":{"0":{"loc":{"start":{"line":13,"column":2},"end":{"line":13,"column":null}},"type":"if","locations":[{"start":{"line":13,"column":2},"end":{"line":13,"column":null}},{"start":{},"end":{}}],"line":13},"1":{"loc":{"start":{"line":21,"column":2},"end":{"line":25,"column":null}},"type":"if","locations":[{"start":{"line":21,"column":2},"end":{"line":25,"column":null}},{"start":{"line":23,"column":2},"end":{"line":25,"column":null}}],"line":21},"2":{"loc":{"start":{"line":23,"column":2},"end":{"line":25,"column":null}},"type":"if","locations":[{"start":{"line":23,"column":2},"end":{"line":25,"column":null}},{"start":{},"end":{}}],"line":23}},"s":{"0":12,"1":1,"2":11,"3":11,"4":5,"5":5,"6":1,"7":4,"8":1,"9":5},"f":{"0":12,"1":5},"b":{"0":[1,11],"1":[1,4],"2":[1,3]},"meta":{"lastBranch":3,"lastFunction":2,"lastStatement":10,"seen":{"f:12:16:12:30":0,"b:13:2:13:Infinity:undefined:undefined:undefined:undefined":0,"s:13:2:13:Infinity":0,"s:13:14:13:Infinity":1,"s:14:21:14:Infinity":2,"s:15:2:15:Infinity":3,"f:18:16:18:38":1,"s:19:27:19:Infinity":4,"b:21:2:25:Infinity:23:2:25:Infinity":1,"s:21:2:25:Infinity":5,"s:22:4:22:Infinity":6,"b:23:2:25:Infinity:undefined:undefined:undefined:undefined":2,"s:23:2:25:Infinity":7,"s:24:4:24:Infinity":8,"s:27:2:30:Infinity":9}}}
,"/home/runner/workspace/shared/zones.ts": {"path":"/home/runner/workspace/shared/zones.ts","statementMap":{"0":{"start":{"line":20,"column":31},"end":{"line":30,"column":null}},"1":{"start":{"line":33,"column":2},"end":{"line":33,"column":null}},"2":{"start":{"line":33,"column":25},"end":{"line":33,"column":36}},"3":{"start":{"line":37,"column":2},"end":{"line":37,"column":null}},"4":{"start":{"line":37,"column":30},"end":{"line":37,"column":41}},"5":{"start":{"line":41,"column":2},"end":{"line":41,"column":null}},"6":{"start":{"line":45,"column":2},"end":{"line":45,"column":null}},"7":{"start":{"line":49,"column":2},"end":{"line":49,"column":null}}},"fnMap":{"0":{"name":"findZoneById","decl":{"start":{"line":32,"column":16},"end":{"line":32,"column":29}},"loc":{"start":{"line":32,"column":66},"end":{"line":34,"column":null}},"line":32},"1":{"name":"(anonymous_1)","decl":{"start":{"line":33,"column":20},"end":{"line":33,"column":25}},"loc":{"start":{"line":33,"column":25},"end":{"line":33,"column":36}},"line":33},"2":{"name":"getZoneIndex","decl":{"start":{"line":36,"column":16},"end":{"line":36,"column":29}},"loc":{"start":{"line":36,"column":74},"end":{"line":38,"column":null}},"line":36},"3":{"name":"(anonymous_3)","decl":{"start":{"line":37,"column":25},"end":{"line":37,"column":30}},"loc":{"start":{"line":37,"column":30},"end":{"line":37,"column":41}},"line":37},"4":{"name":"getNextZoneIndex","decl":{"start":{"line":40,"column":16},"end":{"line":40,"column":33}},"loc":{"start":{"line":40,"column":83},"end":{"line":42,"column":null}},"line":40},"5":{"name":"getPrevZoneIndex","decl":{"start":{"line":44,"column":16},"end":{"line":44,"column":33}},"loc":{"start":{"line":44,"column":83},"end":{"line":46,"column":null}},"line":44},"6":{"name":"isValidCoordinate","decl":{"start":{"line":48,"column":16},"end":{"line":48,"column":34}},"loc":{"start":{"line":48,"column":58},"end":{"line":50,"column":null}},"line":48}},"branchMap":{"0":{"loc":{"start":{"line":49,"column":9},"end":{"line":49,"column":null}},"type":"binary-expr","locations":[{"start":{"line":49,"column":9},"end":{"line":49,"column":23}},{"start":{"line":49,"column":23},"end":{"line":49,"column":null}}],"line":49}},"s":{"0":1,"1":3,"2":16,"3":3,"4":12,"5":2,"6":2,"7":23},"f":{"0":3,"1":16,"2":3,"3":12,"4":2,"5":2,"6":23},"b":{"0":[23,22]},"meta":{"lastBranch":1,"lastFunction":7,"lastStatement":8,"seen":{"s:20:31:30:Infinity":0,"f:32:16:32:29":0,"s:33:2:33:Infinity":1,"f:33:20:33:25":1,"s:33:25:33:36":2,"f:36:16:36:29":2,"s:37:2:37:Infinity":3,"f:37:25:37:30":3,"s:37:30:37:41":4,"f:40:16:40:33":4,"s:41:2:41:Infinity":5,"f:44:16:44:33":5,"s:45:2:45:Infinity":6,"f:48:16:48:34":6,"s:49:2:49:Infinity":7,"b:49:9:49:23:49:23:49:Infinity":0}}}
}
